[INFO] Scanning for projects...
[INFO] 
[INFO] ----------------------< tn.mediflow:api-gateway >-----------------------
[INFO] Building api-gateway 0.0.1-SNAPSHOT
[INFO]   from pom.xml
[INFO] --------------------------------[ jar ]---------------------------------
[INFO] 
[INFO] >>> spring-boot:3.5.13:run (default-cli) > test-compile @ api-gateway >>>
[INFO] 
[INFO] --- resources:3.3.1:resources (default-resources) @ api-gateway ---
[INFO] Copying 1 resource from src\main\resources to target\classes
[INFO] Copying 0 resource from src\main\resources to target\classes
[INFO] 
[INFO] --- compiler:3.14.1:compile (default-compile) @ api-gateway ---
[INFO] Nothing to compile - all classes are up to date.
[INFO] 
[INFO] --- resources:3.3.1:testResources (default-testResources) @ api-gateway ---
[INFO] skip non existing resourceDirectory C:\Users\user\OneDrive\Bureau\Projet web MEDIFLOW\mediflow\Backend\infrastructure\api-gateway\src\test\resources
[INFO] 
[INFO] --- compiler:3.14.1:testCompile (default-testCompile) @ api-gateway ---
[INFO] Nothing to compile - all classes are up to date.
[INFO] 
[INFO] <<< spring-boot:3.5.13:run (default-cli) < test-compile @ api-gateway <<<
[INFO] 
[INFO] 
[INFO] --- spring-boot:3.5.13:run (default-cli) @ api-gateway ---
[INFO] Attaching agents: []

  .   ____          _            __ _ _
 /\\ / ___'_ __ _ _(_)_ __  __ _ \ \ \ \
( ( )\___ | '_ | '_| | '_ \/ _` | \ \ \ \
 \\/  ___)| |_)| | | | | || (_| |  ) ) ) )
  '  |____| .__|_| |_|_| |_\__, | / / / /
 =========|_|==============|___/=/_/_/_/

 :: Spring Boot ::               (v3.5.13)

2026-05-03T22:05:18.898+01:00  INFO 4012 --- [api-gateway] [           main] t.m.apigateway.ApiGatewayApplication     : Starting ApiGatewayApplication using Java 17.0.12 with PID 4012 (C:\Users\user\OneDrive\Bureau\Projet web MEDIFLOW\mediflow\Backend\infrastructure\api-gateway\target\classes started by user in C:\Users\user\OneDrive\Bureau\Projet web MEDIFLOW\mediflow\Backend\infrastructure\api-gateway)
2026-05-03T22:05:18.902+01:00  INFO 4012 --- [api-gateway] [           main] t.m.apigateway.ApiGatewayApplication     : No active profile set, falling back to 1 default profile: "default"
2026-05-03T22:05:19.830+01:00  INFO 4012 --- [api-gateway] [           main] o.s.cloud.context.scope.GenericScope     : BeanFactory id=8bd740c6-7603-3686-a70b-7a476ebd151e
2026-05-03T22:05:20.150+01:00  INFO 4012 --- [api-gateway] [           main] o.s.b.w.embedded.tomcat.TomcatWebServer  : Tomcat initialized with port 8080 (http)
2026-05-03T22:05:20.165+01:00  INFO 4012 --- [api-gateway] [           main] o.apache.catalina.core.StandardService   : Starting service [Tomcat]
2026-05-03T22:05:20.166+01:00  INFO 4012 --- [api-gateway] [           main] o.apache.catalina.core.StandardEngine    : Starting Servlet engine: [Apache Tomcat/10.1.53]
2026-05-03T22:05:20.226+01:00  INFO 4012 --- [api-gateway] [           main] o.a.c.c.C.[Tomcat].[localhost].[/]       : Initializing Spring embedded WebApplicationContext
2026-05-03T22:05:20.228+01:00  INFO 4012 --- [api-gateway] [           main] w.s.c.ServletWebServerApplicationContext : Root WebApplicationContext: initialization completed in 1127 ms
2026-05-03T22:05:22.052+01:00  INFO 4012 --- [api-gateway] [           main] o.s.cloud.commons.util.InetUtils         : Cannot determine local hostname
2026-05-03T22:05:23.236+01:00  INFO 4012 --- [api-gateway] [           main] o.s.cloud.commons.util.InetUtils         : Cannot determine local hostname
2026-05-03T22:05:23.263+01:00  INFO 4012 --- [api-gateway] [           main] DiscoveryClientOptionalArgsConfiguration : Eureka HTTP Client uses RestTemplate.
2026-05-03T22:05:23.465+01:00  WARN 4012 --- [api-gateway] [           main] iguration$LoadBalancerCaffeineWarnLogger : Spring Cloud LoadBalancer is currently working with the default cache. While this cache implementation is useful for development and tests, it's recommended to use Caffeine cache in production.You can switch to using Caffeine cache, by adding it and org.springframework.cache.caffeine.CaffeineCacheManager to the classpath.
2026-05-03T22:05:23.484+01:00  INFO 4012 --- [api-gateway] [           main] o.s.c.n.eureka.InstanceInfoFactory       : Setting initial instance status as: STARTING
2026-05-03T22:05:23.505+01:00  INFO 4012 --- [api-gateway] [           main] com.netflix.discovery.DiscoveryClient    : Initializing Eureka in region us-east-1
2026-05-03T22:05:23.509+01:00  INFO 4012 --- [api-gateway] [           main] c.n.d.s.r.aws.ConfigClusterResolver      : Resolving eureka endpoints via configuration
2026-05-03T22:05:23.517+01:00  INFO 4012 --- [api-gateway] [           main] com.netflix.discovery.DiscoveryClient    : Disable delta property : false
2026-05-03T22:05:23.517+01:00  INFO 4012 --- [api-gateway] [           main] com.netflix.discovery.DiscoveryClient    : Single vip registry refresh property : null
2026-05-03T22:05:23.518+01:00  INFO 4012 --- [api-gateway] [           main] com.netflix.discovery.DiscoveryClient    : Force full registry fetch : false
2026-05-03T22:05:23.518+01:00  INFO 4012 --- [api-gateway] [           main] com.netflix.discovery.DiscoveryClient    : Application is null : false
2026-05-03T22:05:23.518+01:00  INFO 4012 --- [api-gateway] [           main] com.netflix.discovery.DiscoveryClient    : Registered Applications size is zero : true
2026-05-03T22:05:23.518+01:00  INFO 4012 --- [api-gateway] [           main] com.netflix.discovery.DiscoveryClient    : Application version is -1: true
2026-05-03T22:05:23.518+01:00  INFO 4012 --- [api-gateway] [           main] com.netflix.discovery.DiscoveryClient    : Getting all instance registry info from the eureka server
2026-05-03T22:05:23.828+01:00  INFO 4012 --- [api-gateway] [           main] com.netflix.discovery.DiscoveryClient    : The response status is 200
2026-05-03T22:05:23.829+01:00  INFO 4012 --- [api-gateway] [           main] com.netflix.discovery.DiscoveryClient    : Starting heartbeat executor: renew interval is: 30
2026-05-03T22:05:23.831+01:00  INFO 4012 --- [api-gateway] [           main] c.n.discovery.InstanceInfoReplicator     : InstanceInfoReplicator onDemand update allowed rate per min is 4
2026-05-03T22:05:23.833+01:00  INFO 4012 --- [api-gateway] [           main] com.netflix.discovery.DiscoveryClient    : Discovery Client initialized at timestamp 1777842323833 with initial instances count: 0
2026-05-03T22:05:23.836+01:00  INFO 4012 --- [api-gateway] [           main] o.s.c.n.e.s.EurekaServiceRegistry        : Registering application API-GATEWAY with eureka with status UP
2026-05-03T22:05:23.837+01:00  INFO 4012 --- [api-gateway] [           main] com.netflix.discovery.DiscoveryClient    : Saw local status change event StatusChangeEvent [timestamp=1777842323836, current=UP, previous=STARTING]
2026-05-03T22:05:23.839+01:00  INFO 4012 --- [api-gateway] [foReplicator-%d] com.netflix.discovery.DiscoveryClient    : DiscoveryClient_API-GATEWAY/localhost:api-gateway:8080: registering service...
2026-05-03T22:05:23.859+01:00  INFO 4012 --- [api-gateway] [           main] o.s.b.w.embedded.tomcat.TomcatWebServer  : Tomcat started on port 8080 (http) with context path '/'
2026-05-03T22:05:23.861+01:00  INFO 4012 --- [api-gateway] [           main] .s.c.n.e.s.EurekaAutoServiceRegistration : Updating port to 8080
2026-05-03T22:05:23.959+01:00  INFO 4012 --- [api-gateway] [foReplicator-%d] com.netflix.discovery.DiscoveryClient    : DiscoveryClient_API-GATEWAY/localhost:api-gateway:8080 - registration status: 204
2026-05-03T22:05:25.087+01:00  INFO 4012 --- [api-gateway] [           main] o.s.cloud.commons.util.InetUtils         : Cannot determine local hostname
2026-05-03T22:05:25.119+01:00  INFO 4012 --- [api-gateway] [           main] t.m.apigateway.ApiGatewayApplication     : Started ApiGatewayApplication in 8.042 seconds (process running for 8.631)
2026-05-03T22:05:25.126+01:00  WARN 4012 --- [api-gateway] [           main] yServerWebMvcPropertiesMigrationListener : 
The use of configuration keys that have been renamed was found in the environment:

Property source 'Config resource 'class path resource [application.yml]' via location 'optional:classpath:/'':
	Key: spring.cloud.gateway.mvc.routes[0].id
		Line: 11
		Replacement: spring.cloud.gateway.server.webmvc.routes[0].id
	Key: spring.cloud.gateway.mvc.routes[0].uri
		Line: 12
		Replacement: spring.cloud.gateway.server.webmvc.routes[0].uri
	Key: spring.cloud.gateway.mvc.routes[0].predicates[0]
		Line: 14
		Replacement: spring.cloud.gateway.server.webmvc.routes[0].predicates[0]
	Key: spring.cloud.gateway.mvc.routes[1].id
		Line: 15
		Replacement: spring.cloud.gateway.server.webmvc.routes[1].id
	Key: spring.cloud.gateway.mvc.routes[1].uri
		Line: 16
		Replacement: spring.cloud.gateway.server.webmvc.routes[1].uri
	Key: spring.cloud.gateway.mvc.routes[1].predicates[0]
		Line: 18
		Replacement: spring.cloud.gateway.server.webmvc.routes[1].predicates[0]
	Key: spring.cloud.gateway.mvc.routes[2].id
		Line: 19
		Replacement: spring.cloud.gateway.server.webmvc.routes[2].id
	Key: spring.cloud.gateway.mvc.routes[2].uri
		Line: 20
		Replacement: spring.cloud.gateway.server.webmvc.routes[2].uri
	Key: spring.cloud.gateway.mvc.routes[2].predicates[0]
		Line: 22
		Replacement: spring.cloud.gateway.server.webmvc.routes[2].predicates[0]
	Key: spring.cloud.gateway.mvc.routes[3].id
		Line: 23
		Replacement: spring.cloud.gateway.server.webmvc.routes[3].id
	Key: spring.cloud.gateway.mvc.routes[3].uri
		Line: 24
		Replacement: spring.cloud.gateway.server.webmvc.routes[3].uri
	Key: spring.cloud.gateway.mvc.routes[3].predicates[0]
		Line: 26
		Replacement: spring.cloud.gateway.server.webmvc.routes[3].predicates[0]
	Key: spring.cloud.gateway.mvc.routes[4].id
		Line: 27
		Replacement: spring.cloud.gateway.server.webmvc.routes[4].id
	Key: spring.cloud.gateway.mvc.routes[4].uri
		Line: 28
		Replacement: spring.cloud.gateway.server.webmvc.routes[4].uri
	Key: spring.cloud.gateway.mvc.routes[4].predicates[0]
		Line: 30
		Replacement: spring.cloud.gateway.server.webmvc.routes[4].predicates[0]
	Key: spring.cloud.gateway.mvc.routes[5].id
		Line: 31
		Replacement: spring.cloud.gateway.server.webmvc.routes[5].id
	Key: spring.cloud.gateway.mvc.routes[5].uri
		Line: 32
		Replacement: spring.cloud.gateway.server.webmvc.routes[5].uri
	Key: spring.cloud.gateway.mvc.routes[5].predicates[0]
		Line: 34
		Replacement: spring.cloud.gateway.server.webmvc.routes[5].predicates[0]
	Key: spring.cloud.gateway.mvc.routes[6].id
		Line: 35
		Replacement: spring.cloud.gateway.server.webmvc.routes[6].id
	Key: spring.cloud.gateway.mvc.routes[6].uri
		Line: 36
		Replacement: spring.cloud.gateway.server.webmvc.routes[6].uri
	Key: spring.cloud.gateway.mvc.routes[6].predicates[0]
		Line: 38
		Replacement: spring.cloud.gateway.server.webmvc.routes[6].predicates[0]
	Key: spring.cloud.gateway.mvc.routes[7].id
		Line: 39
		Replacement: spring.cloud.gateway.server.webmvc.routes[7].id
	Key: spring.cloud.gateway.mvc.routes[7].uri
		Line: 40
		Replacement: spring.cloud.gateway.server.webmvc.routes[7].uri
	Key: spring.cloud.gateway.mvc.routes[7].predicates[0]
		Line: 42
		Replacement: spring.cloud.gateway.server.webmvc.routes[7].predicates[0]


Each configuration key has been temporarily mapped to its replacement for your convenience. To silence this warning, please update your configuration to use the new keys.

2026-05-03T22:05:53.837+01:00  INFO 4012 --- [api-gateway] [reshExecutor-%d] com.netflix.discovery.DiscoveryClient    : Disable delta property : false
2026-05-03T22:05:53.838+01:00  INFO 4012 --- [api-gateway] [reshExecutor-%d] com.netflix.discovery.DiscoveryClient    : Single vip registry refresh property : null
2026-05-03T22:05:53.838+01:00  INFO 4012 --- [api-gateway] [reshExecutor-%d] com.netflix.discovery.DiscoveryClient    : Force full registry fetch : false
2026-05-03T22:05:53.839+01:00  INFO 4012 --- [api-gateway] [reshExecutor-%d] com.netflix.discovery.DiscoveryClient    : Application is null : false
2026-05-03T22:05:53.839+01:00  INFO 4012 --- [api-gateway] [reshExecutor-%d] com.netflix.discovery.DiscoveryClient    : Registered Applications size is zero : true
2026-05-03T22:05:53.839+01:00  INFO 4012 --- [api-gateway] [reshExecutor-%d] com.netflix.discovery.DiscoveryClient    : Application version is -1: false
2026-05-03T22:05:53.839+01:00  INFO 4012 --- [api-gateway] [reshExecutor-%d] com.netflix.discovery.DiscoveryClient    : Getting all instance registry info from the eureka server
2026-05-03T22:05:53.868+01:00  INFO 4012 --- [api-gateway] [reshExecutor-%d] com.netflix.discovery.DiscoveryClient    : The response status is 200
