[INFO] Scanning for projects...
[INFO] 
[INFO] ------------------< tn.mediflow:appointment-service >-------------------
[INFO] Building appointment-service 0.0.1-SNAPSHOT
[INFO]   from pom.xml
[INFO] --------------------------------[ jar ]---------------------------------
[INFO] 
[INFO] >>> spring-boot:3.5.13:run (default-cli) > test-compile @ appointment-service >>>
[INFO] 
[INFO] --- resources:3.3.1:resources (default-resources) @ appointment-service ---
[INFO] Copying 1 resource from src\main\resources to target\classes
[INFO] Copying 0 resource from src\main\resources to target\classes
[INFO] 
[INFO] --- compiler:3.14.1:compile (default-compile) @ appointment-service ---
[INFO] Nothing to compile - all classes are up to date.
[INFO] 
[INFO] --- resources:3.3.1:testResources (default-testResources) @ appointment-service ---
[INFO] skip non existing resourceDirectory D:\school\3SDE1\Application Web Distribuée\mediflow\Backend\services\appointment-service\src\test\resources
[INFO] 
[INFO] --- compiler:3.14.1:testCompile (default-testCompile) @ appointment-service ---
[INFO] Nothing to compile - all classes are up to date.
[INFO] 
[INFO] <<< spring-boot:3.5.13:run (default-cli) < test-compile @ appointment-service <<<
[INFO] 
[INFO] 
[INFO] --- spring-boot:3.5.13:run (default-cli) @ appointment-service ---
[INFO] Attaching agents: []

  .   ____          _            __ _ _
 /\\ / ___'_ __ _ _(_)_ __  __ _ \ \ \ \
( ( )\___ | '_ | '_| | '_ \/ _` | \ \ \ \
 \\/  ___)| |_)| | | | | || (_| |  ) ) ) )
  '  |____| .__|_| |_|_| |_\__, | / / / /
 =========|_|==============|___/=/_/_/_/

 :: Spring Boot ::               (v3.5.13)

2026-05-03T22:39:16.624+01:00  INFO 21640 --- [appointment-service] [           main] t.m.a.AppointmentServiceApplication      : Starting AppointmentServiceApplication using Java 17.0.12 with PID 21640 (D:\school\3SDE1\Application Web Distribuée\mediflow\Backend\services\appointment-service\target\classes started by mayre in D:\school\3SDE1\Application Web Distribuée\mediflow\Backend\services\appointment-service)
2026-05-03T22:39:16.627+01:00  INFO 21640 --- [appointment-service] [           main] t.m.a.AppointmentServiceApplication      : No active profile set, falling back to 1 default profile: "default"
2026-05-03T22:39:17.801+01:00  INFO 21640 --- [appointment-service] [           main] .s.d.r.c.RepositoryConfigurationDelegate : Bootstrapping Spring Data JPA repositories in DEFAULT mode.
2026-05-03T22:39:18.011+01:00  INFO 21640 --- [appointment-service] [           main] .s.d.r.c.RepositoryConfigurationDelegate : Finished Spring Data repository scanning in 196 ms. Found 1 JPA repository interface.
2026-05-03T22:39:18.456+01:00  INFO 21640 --- [appointment-service] [           main] o.s.cloud.context.scope.GenericScope     : BeanFactory id=c586581f-b4ee-3e1e-a2cb-7fde5f20861b
2026-05-03T22:39:18.951+01:00  INFO 21640 --- [appointment-service] [           main] o.s.b.w.embedded.tomcat.TomcatWebServer  : Tomcat initialized with port 8082 (http)
2026-05-03T22:39:18.965+01:00  INFO 21640 --- [appointment-service] [           main] o.apache.catalina.core.StandardService   : Starting service [Tomcat]
2026-05-03T22:39:18.966+01:00  INFO 21640 --- [appointment-service] [           main] o.apache.catalina.core.StandardEngine    : Starting Servlet engine: [Apache Tomcat/10.1.53]
2026-05-03T22:39:19.029+01:00  INFO 21640 --- [appointment-service] [           main] o.a.c.c.C.[Tomcat].[localhost].[/]       : Initializing Spring embedded WebApplicationContext
2026-05-03T22:39:19.031+01:00  INFO 21640 --- [appointment-service] [           main] w.s.c.ServletWebServerApplicationContext : Root WebApplicationContext: initialization completed in 2346 ms
2026-05-03T22:39:19.202+01:00  INFO 21640 --- [appointment-service] [           main] o.hibernate.jpa.internal.util.LogHelper  : HHH000204: Processing PersistenceUnitInfo [name: default]
2026-05-03T22:39:19.277+01:00  INFO 21640 --- [appointment-service] [           main] org.hibernate.Version                    : HHH000412: Hibernate ORM core version 6.6.45.Final
2026-05-03T22:39:19.329+01:00  INFO 21640 --- [appointment-service] [           main] o.h.c.internal.RegionFactoryInitiator    : HHH000026: Second-level cache disabled
2026-05-03T22:39:19.652+01:00  INFO 21640 --- [appointment-service] [           main] o.s.o.j.p.SpringPersistenceUnitInfo      : No LoadTimeWeaver setup: ignoring JPA class transformer
2026-05-03T22:39:19.692+01:00  INFO 21640 --- [appointment-service] [           main] com.zaxxer.hikari.HikariDataSource       : HikariPool-1 - Starting...
2026-05-03T22:39:19.938+01:00  INFO 21640 --- [appointment-service] [           main] com.zaxxer.hikari.pool.HikariPool        : HikariPool-1 - Added connection com.mysql.cj.jdbc.ConnectionImpl@1ac3a6f
2026-05-03T22:39:19.940+01:00  INFO 21640 --- [appointment-service] [           main] com.zaxxer.hikari.HikariDataSource       : HikariPool-1 - Start completed.
2026-05-03T22:39:19.972+01:00  WARN 21640 --- [appointment-service] [           main] org.hibernate.orm.deprecation            : HHH90000025: MySQL8Dialect does not need to be specified explicitly using 'hibernate.dialect' (remove the property setting and it will be selected by default)
2026-05-03T22:39:19.974+01:00  WARN 21640 --- [appointment-service] [           main] org.hibernate.orm.deprecation            : HHH90000026: MySQL8Dialect has been deprecated; use org.hibernate.dialect.MySQLDialect instead
2026-05-03T22:39:20.000+01:00  INFO 21640 --- [appointment-service] [           main] org.hibernate.orm.connections.pooling    : HHH10001005: Database info:
	Database JDBC URL [Connecting through datasource 'HikariDataSource (HikariPool-1)']
	Database driver: undefined/unknown
	Database version: 8.0
	Autocommit mode: undefined/unknown
	Isolation level: undefined/unknown
	Minimum pool size: undefined/unknown
	Maximum pool size: undefined/unknown
2026-05-03T22:39:21.060+01:00  INFO 21640 --- [appointment-service] [           main] o.h.e.t.j.p.i.JtaPlatformInitiator       : HHH000489: No JTA platform available (set 'hibernate.transaction.jta.platform' to enable JTA platform integration)
2026-05-03T22:39:21.208+01:00  INFO 21640 --- [appointment-service] [           main] j.LocalContainerEntityManagerFactoryBean : Initialized JPA EntityManagerFactory for persistence unit 'default'
2026-05-03T22:39:21.838+01:00  WARN 21640 --- [appointment-service] [           main] JpaBaseConfiguration$JpaWebConfiguration : spring.jpa.open-in-view is enabled by default. Therefore, database queries may be performed during view rendering. Explicitly configure spring.jpa.open-in-view to disable this warning
2026-05-03T22:39:23.641+01:00  INFO 21640 --- [appointment-service] [           main] o.s.cloud.commons.util.InetUtils         : Cannot determine local hostname
2026-05-03T22:39:24.750+01:00  INFO 21640 --- [appointment-service] [           main] o.s.cloud.commons.util.InetUtils         : Cannot determine local hostname
2026-05-03T22:39:24.773+01:00  INFO 21640 --- [appointment-service] [           main] DiscoveryClientOptionalArgsConfiguration : Eureka HTTP Client uses RestTemplate.
2026-05-03T22:39:24.811+01:00  WARN 21640 --- [appointment-service] [           main] iguration$LoadBalancerCaffeineWarnLogger : Spring Cloud LoadBalancer is currently working with the default cache. While this cache implementation is useful for development and tests, it's recommended to use Caffeine cache in production.You can switch to using Caffeine cache, by adding it and org.springframework.cache.caffeine.CaffeineCacheManager to the classpath.
2026-05-03T22:39:24.855+01:00  INFO 21640 --- [appointment-service] [           main] o.s.c.n.eureka.InstanceInfoFactory       : Setting initial instance status as: STARTING
2026-05-03T22:39:24.879+01:00  INFO 21640 --- [appointment-service] [           main] com.netflix.discovery.DiscoveryClient    : Initializing Eureka in region us-east-1
2026-05-03T22:39:24.883+01:00  INFO 21640 --- [appointment-service] [           main] c.n.d.s.r.aws.ConfigClusterResolver      : Resolving eureka endpoints via configuration
2026-05-03T22:39:24.892+01:00  INFO 21640 --- [appointment-service] [           main] com.netflix.discovery.DiscoveryClient    : Disable delta property : false
2026-05-03T22:39:24.892+01:00  INFO 21640 --- [appointment-service] [           main] com.netflix.discovery.DiscoveryClient    : Single vip registry refresh property : null
2026-05-03T22:39:24.892+01:00  INFO 21640 --- [appointment-service] [           main] com.netflix.discovery.DiscoveryClient    : Force full registry fetch : false
2026-05-03T22:39:24.892+01:00  INFO 21640 --- [appointment-service] [           main] com.netflix.discovery.DiscoveryClient    : Application is null : false
2026-05-03T22:39:24.893+01:00  INFO 21640 --- [appointment-service] [           main] com.netflix.discovery.DiscoveryClient    : Registered Applications size is zero : true
2026-05-03T22:39:24.893+01:00  INFO 21640 --- [appointment-service] [           main] com.netflix.discovery.DiscoveryClient    : Application version is -1: true
2026-05-03T22:39:24.893+01:00  INFO 21640 --- [appointment-service] [           main] com.netflix.discovery.DiscoveryClient    : Getting all instance registry info from the eureka server
2026-05-03T22:39:25.267+01:00  INFO 21640 --- [appointment-service] [           main] com.netflix.discovery.DiscoveryClient    : The response status is 200
2026-05-03T22:39:25.270+01:00  INFO 21640 --- [appointment-service] [           main] com.netflix.discovery.DiscoveryClient    : Starting heartbeat executor: renew interval is: 30
2026-05-03T22:39:25.272+01:00  INFO 21640 --- [appointment-service] [           main] c.n.discovery.InstanceInfoReplicator     : InstanceInfoReplicator onDemand update allowed rate per min is 4
2026-05-03T22:39:25.274+01:00  INFO 21640 --- [appointment-service] [           main] com.netflix.discovery.DiscoveryClient    : Discovery Client initialized at timestamp 1777844365273 with initial instances count: 1
2026-05-03T22:39:25.278+01:00  INFO 21640 --- [appointment-service] [           main] o.s.c.n.e.s.EurekaServiceRegistry        : Registering application APPOINTMENT-SERVICE with eureka with status UP
2026-05-03T22:39:25.279+01:00  INFO 21640 --- [appointment-service] [           main] com.netflix.discovery.DiscoveryClient    : Saw local status change event StatusChangeEvent [timestamp=1777844365279, current=UP, previous=STARTING]
2026-05-03T22:39:25.279+01:00  INFO 21640 --- [appointment-service] [foReplicator-%d] com.netflix.discovery.DiscoveryClient    : DiscoveryClient_APPOINTMENT-SERVICE/localhost:appointment-service:8082: registering service...
2026-05-03T22:39:25.300+01:00  INFO 21640 --- [appointment-service] [           main] o.s.b.w.embedded.tomcat.TomcatWebServer  : Tomcat started on port 8082 (http) with context path '/'
2026-05-03T22:39:25.302+01:00  INFO 21640 --- [appointment-service] [           main] .s.c.n.e.s.EurekaAutoServiceRegistration : Updating port to 8082
2026-05-03T22:39:25.327+01:00  INFO 21640 --- [appointment-service] [foReplicator-%d] com.netflix.discovery.DiscoveryClient    : DiscoveryClient_APPOINTMENT-SERVICE/localhost:appointment-service:8082 - registration status: 204
2026-05-03T22:39:26.383+01:00  INFO 21640 --- [appointment-service] [           main] o.s.cloud.commons.util.InetUtils         : Cannot determine local hostname
2026-05-03T22:39:26.394+01:00  INFO 21640 --- [appointment-service] [           main] t.m.a.AppointmentServiceApplication      : Started AppointmentServiceApplication in 12.036 seconds (process running for 14.44)
2026-05-03T22:44:24.917+01:00  INFO 21640 --- [appointment-service] [rap-executor-%d] c.n.d.s.r.aws.ConfigClusterResolver      : Resolving eureka endpoints via configuration
2026-05-03T22:49:24.967+01:00  INFO 21640 --- [appointment-service] [rap-executor-%d] c.n.d.s.r.aws.ConfigClusterResolver      : Resolving eureka endpoints via configuration
