[INFO] Scanning for projects...
[INFO] 
[INFO] --------------------< tn.mediflow:billing-service >---------------------
[INFO] Building billing-service 0.0.1-SNAPSHOT
[INFO]   from pom.xml
[INFO] --------------------------------[ jar ]---------------------------------
[INFO] 
[INFO] >>> spring-boot:3.4.12:run (default-cli) > test-compile @ billing-service >>>
[INFO] 
[INFO] --- resources:3.3.1:resources (default-resources) @ billing-service ---
[INFO] Copying 1 resource from src\main\resources to target\classes
[INFO] Copying 0 resource from src\main\resources to target\classes
[INFO] 
[INFO] --- compiler:3.13.0:compile (default-compile) @ billing-service ---
[INFO] Nothing to compile - all classes are up to date.
[INFO] 
[INFO] --- resources:3.3.1:testResources (default-testResources) @ billing-service ---
[INFO] skip non existing resourceDirectory C:\Users\user\OneDrive\Bureau\Projet web MEDIFLOW\mediflow\Backend\services\billing-service\src\test\resources
[INFO] 
[INFO] --- compiler:3.13.0:testCompile (default-testCompile) @ billing-service ---
[INFO] Nothing to compile - all classes are up to date.
[INFO] 
[INFO] <<< spring-boot:3.4.12:run (default-cli) < test-compile @ billing-service <<<
[INFO] 
[INFO] 
[INFO] --- spring-boot:3.4.12:run (default-cli) @ billing-service ---
[INFO] Attaching agents: []

  .   ____          _            __ _ _
 /\\ / ___'_ __ _ _(_)_ __  __ _ \ \ \ \
( ( )\___ | '_ | '_| | '_ \/ _` | \ \ \ \
 \\/  ___)| |_)| | | | | || (_| |  ) ) ) )
  '  |____| .__|_| |_|_| |_\__, | / / / /
 =========|_|==============|___/=/_/_/_/

 :: Spring Boot ::               (v3.4.12)

2026-05-03T22:05:54.221+01:00  INFO 11840 --- [billing-service] [           main] t.m.b.BillingServiceApplication          : Starting BillingServiceApplication using Java 17.0.12 with PID 11840 (C:\Users\user\OneDrive\Bureau\Projet web MEDIFLOW\mediflow\Backend\services\billing-service\target\classes started by user in C:\Users\user\OneDrive\Bureau\Projet web MEDIFLOW\mediflow\Backend\services\billing-service)
2026-05-03T22:05:54.227+01:00  INFO 11840 --- [billing-service] [           main] t.m.b.BillingServiceApplication          : No active profile set, falling back to 1 default profile: "default"
2026-05-03T22:05:55.355+01:00  INFO 11840 --- [billing-service] [           main] .s.d.r.c.RepositoryConfigurationDelegate : Bootstrapping Spring Data JPA repositories in DEFAULT mode.
2026-05-03T22:05:55.536+01:00  INFO 11840 --- [billing-service] [           main] .s.d.r.c.RepositoryConfigurationDelegate : Finished Spring Data repository scanning in 171 ms. Found 2 JPA repository interfaces.
2026-05-03T22:05:55.727+01:00  INFO 11840 --- [billing-service] [           main] o.s.cloud.context.scope.GenericScope     : BeanFactory id=a3ac0f32-4c82-323e-ad26-2974e837914d
2026-05-03T22:05:56.407+01:00  INFO 11840 --- [billing-service] [           main] o.s.b.w.embedded.tomcat.TomcatWebServer  : Tomcat initialized with port 8084 (http)
2026-05-03T22:05:56.431+01:00  INFO 11840 --- [billing-service] [           main] o.apache.catalina.core.StandardService   : Starting service [Tomcat]
2026-05-03T22:05:56.432+01:00  INFO 11840 --- [billing-service] [           main] o.apache.catalina.core.StandardEngine    : Starting Servlet engine: [Apache Tomcat/10.1.49]
2026-05-03T22:05:56.524+01:00  INFO 11840 --- [billing-service] [           main] o.a.c.c.C.[Tomcat].[localhost].[/]       : Initializing Spring embedded WebApplicationContext
2026-05-03T22:05:56.526+01:00  INFO 11840 --- [billing-service] [           main] w.s.c.ServletWebServerApplicationContext : Root WebApplicationContext: initialization completed in 2222 ms
2026-05-03T22:05:56.738+01:00  INFO 11840 --- [billing-service] [           main] o.hibernate.jpa.internal.util.LogHelper  : HHH000204: Processing PersistenceUnitInfo [name: default]
2026-05-03T22:05:56.891+01:00  INFO 11840 --- [billing-service] [           main] org.hibernate.Version                    : HHH000412: Hibernate ORM core version 6.6.36.Final
2026-05-03T22:05:56.974+01:00  INFO 11840 --- [billing-service] [           main] o.h.c.internal.RegionFactoryInitiator    : HHH000026: Second-level cache disabled
2026-05-03T22:05:57.616+01:00  INFO 11840 --- [billing-service] [           main] o.s.o.j.p.SpringPersistenceUnitInfo      : No LoadTimeWeaver setup: ignoring JPA class transformer
2026-05-03T22:05:57.694+01:00  INFO 11840 --- [billing-service] [           main] com.zaxxer.hikari.HikariDataSource       : HikariPool-1 - Starting...
2026-05-03T22:05:58.024+01:00  INFO 11840 --- [billing-service] [           main] com.zaxxer.hikari.pool.HikariPool        : HikariPool-1 - Added connection com.mysql.cj.jdbc.ConnectionImpl@2e0fdc83
2026-05-03T22:05:58.027+01:00  INFO 11840 --- [billing-service] [           main] com.zaxxer.hikari.HikariDataSource       : HikariPool-1 - Start completed.
2026-05-03T22:05:58.064+01:00  WARN 11840 --- [billing-service] [           main] org.hibernate.orm.deprecation            : HHH90000025: MySQL8Dialect does not need to be specified explicitly using 'hibernate.dialect' (remove the property setting and it will be selected by default)
2026-05-03T22:05:58.065+01:00  WARN 11840 --- [billing-service] [           main] org.hibernate.orm.deprecation            : HHH90000026: MySQL8Dialect has been deprecated; use org.hibernate.dialect.MySQLDialect instead
2026-05-03T22:05:58.094+01:00  INFO 11840 --- [billing-service] [           main] org.hibernate.orm.connections.pooling    : HHH10001005: Database info:
	Database JDBC URL [Connecting through datasource 'HikariDataSource (HikariPool-1)']
	Database driver: undefined/unknown
	Database version: 8.0
	Autocommit mode: undefined/unknown
	Isolation level: undefined/unknown
	Minimum pool size: undefined/unknown
	Maximum pool size: undefined/unknown
2026-05-03T22:05:59.676+01:00  INFO 11840 --- [billing-service] [           main] o.h.e.t.j.p.i.JtaPlatformInitiator       : HHH000489: No JTA platform available (set 'hibernate.transaction.jta.platform' to enable JTA platform integration)
2026-05-03T22:05:59.817+01:00  INFO 11840 --- [billing-service] [           main] j.LocalContainerEntityManagerFactoryBean : Initialized JPA EntityManagerFactory for persistence unit 'default'
2026-05-03T22:06:00.430+01:00  WARN 11840 --- [billing-service] [           main] JpaBaseConfiguration$JpaWebConfiguration : spring.jpa.open-in-view is enabled by default. Therefore, database queries may be performed during view rendering. Explicitly configure spring.jpa.open-in-view to disable this warning
2026-05-03T22:06:00.514+01:00  INFO 11840 --- [billing-service] [           main] o.s.v.b.OptionalValidatorFactoryBean     : Failed to set up a Bean Validation provider: jakarta.validation.NoProviderFoundException: Unable to create a Configuration, because no Jakarta Bean Validation provider could be found. Add a provider like Hibernate Validator (RI) to your classpath.
2026-05-03T22:06:02.666+01:00  INFO 11840 --- [billing-service] [           main] o.s.cloud.commons.util.InetUtils         : Cannot determine local hostname
2026-05-03T22:06:04.032+01:00  INFO 11840 --- [billing-service] [           main] o.s.cloud.commons.util.InetUtils         : Cannot determine local hostname
2026-05-03T22:06:04.082+01:00  INFO 11840 --- [billing-service] [           main] DiscoveryClientOptionalArgsConfiguration : Eureka HTTP Client uses RestTemplate.
2026-05-03T22:06:04.145+01:00  WARN 11840 --- [billing-service] [           main] iguration$LoadBalancerCaffeineWarnLogger : Spring Cloud LoadBalancer is currently working with the default cache. While this cache implementation is useful for development and tests, it's recommended to use Caffeine cache in production.You can switch to using Caffeine cache, by adding it and org.springframework.cache.caffeine.CaffeineCacheManager to the classpath.
2026-05-03T22:06:04.181+01:00  INFO 11840 --- [billing-service] [           main] o.s.c.n.eureka.InstanceInfoFactory       : Setting initial instance status as: STARTING
2026-05-03T22:06:04.217+01:00  INFO 11840 --- [billing-service] [           main] com.netflix.discovery.DiscoveryClient    : Initializing Eureka in region us-east-1
2026-05-03T22:06:04.224+01:00  INFO 11840 --- [billing-service] [           main] c.n.d.s.r.aws.ConfigClusterResolver      : Resolving eureka endpoints via configuration
2026-05-03T22:06:04.237+01:00  INFO 11840 --- [billing-service] [           main] com.netflix.discovery.DiscoveryClient    : Disable delta property : false
2026-05-03T22:06:04.238+01:00  INFO 11840 --- [billing-service] [           main] com.netflix.discovery.DiscoveryClient    : Single vip registry refresh property : null
2026-05-03T22:06:04.238+01:00  INFO 11840 --- [billing-service] [           main] com.netflix.discovery.DiscoveryClient    : Force full registry fetch : false
2026-05-03T22:06:04.239+01:00  INFO 11840 --- [billing-service] [           main] com.netflix.discovery.DiscoveryClient    : Application is null : false
2026-05-03T22:06:04.239+01:00  INFO 11840 --- [billing-service] [           main] com.netflix.discovery.DiscoveryClient    : Registered Applications size is zero : true
2026-05-03T22:06:04.240+01:00  INFO 11840 --- [billing-service] [           main] com.netflix.discovery.DiscoveryClient    : Application version is -1: true
2026-05-03T22:06:04.240+01:00  INFO 11840 --- [billing-service] [           main] com.netflix.discovery.DiscoveryClient    : Getting all instance registry info from the eureka server
2026-05-03T22:06:04.812+01:00  INFO 11840 --- [billing-service] [           main] com.netflix.discovery.DiscoveryClient    : The response status is 200
2026-05-03T22:06:04.815+01:00  INFO 11840 --- [billing-service] [           main] com.netflix.discovery.DiscoveryClient    : Starting heartbeat executor: renew interval is: 30
2026-05-03T22:06:04.818+01:00  INFO 11840 --- [billing-service] [           main] c.n.discovery.InstanceInfoReplicator     : InstanceInfoReplicator onDemand update allowed rate per min is 4
2026-05-03T22:06:04.822+01:00  INFO 11840 --- [billing-service] [           main] com.netflix.discovery.DiscoveryClient    : Discovery Client initialized at timestamp 1777842364821 with initial instances count: 1
2026-05-03T22:06:04.826+01:00  INFO 11840 --- [billing-service] [           main] o.s.c.n.e.s.EurekaServiceRegistry        : Registering application BILLING-SERVICE with eureka with status UP
2026-05-03T22:06:04.827+01:00  INFO 11840 --- [billing-service] [           main] com.netflix.discovery.DiscoveryClient    : Saw local status change event StatusChangeEvent [timestamp=1777842364827, current=UP, previous=STARTING]
2026-05-03T22:06:04.830+01:00  INFO 11840 --- [billing-service] [foReplicator-%d] com.netflix.discovery.DiscoveryClient    : DiscoveryClient_BILLING-SERVICE/localhost:billing-service:8084: registering service...
2026-05-03T22:06:04.859+01:00  INFO 11840 --- [billing-service] [           main] o.s.b.w.embedded.tomcat.TomcatWebServer  : Tomcat started on port 8084 (http) with context path '/'
2026-05-03T22:06:04.861+01:00  INFO 11840 --- [billing-service] [           main] .s.c.n.e.s.EurekaAutoServiceRegistration : Updating port to 8084
2026-05-03T22:06:04.890+01:00  INFO 11840 --- [billing-service] [foReplicator-%d] com.netflix.discovery.DiscoveryClient    : DiscoveryClient_BILLING-SERVICE/localhost:billing-service:8084 - registration status: 204
2026-05-03T22:06:06.134+01:00  INFO 11840 --- [billing-service] [           main] o.s.cloud.commons.util.InetUtils         : Cannot determine local hostname
2026-05-03T22:06:06.151+01:00  INFO 11840 --- [billing-service] [           main] t.m.b.BillingServiceApplication          : Started BillingServiceApplication in 14.263 seconds (process running for 15.869)
2026-05-03T22:06:24.735+01:00  INFO 11840 --- [billing-service] [nio-8084-exec-2] o.a.c.c.C.[Tomcat].[localhost].[/]       : Initializing Spring DispatcherServlet 'dispatcherServlet'
2026-05-03T22:06:24.736+01:00  INFO 11840 --- [billing-service] [nio-8084-exec-2] o.s.web.servlet.DispatcherServlet        : Initializing Servlet 'dispatcherServlet'
2026-05-03T22:06:24.739+01:00  INFO 11840 --- [billing-service] [nio-8084-exec-2] o.s.web.servlet.DispatcherServlet        : Completed initialization in 3 ms
2026-05-03T22:06:25.528+01:00  INFO 11840 --- [billing-service] [io-8084-exec-10] o.springdoc.api.AbstractOpenApiResource  : Init duration for springdoc-openapi is: 403 ms
2026-05-03T22:11:04.255+01:00  INFO 11840 --- [billing-service] [rap-executor-%d] c.n.d.s.r.aws.ConfigClusterResolver      : Resolving eureka endpoints via configuration
2026-05-03T22:16:04.272+01:00  INFO 11840 --- [billing-service] [rap-executor-%d] c.n.d.s.r.aws.ConfigClusterResolver      : Resolving eureka endpoints via configuration
2026-05-03T22:21:04.286+01:00  INFO 11840 --- [billing-service] [rap-executor-%d] c.n.d.s.r.aws.ConfigClusterResolver      : Resolving eureka endpoints via configuration
2026-05-03T22:26:04.302+01:00  INFO 11840 --- [billing-service] [rap-executor-%d] c.n.d.s.r.aws.ConfigClusterResolver      : Resolving eureka endpoints via configuration
Hibernate: 
    select
        f1_0.id,
        f1_0.montant_total,
        f1_0.reference,
        f1_0.statut 
    from
        facture f1_0 
    where
        f1_0.id=?
2026-05-03T22:28:43.167+01:00  WARN 11840 --- [billing-service] [nio-8084-exec-5] .w.s.m.s.DefaultHandlerExceptionResolver : Resolved [org.springframework.http.converter.HttpMessageNotReadableException: JSON parse error: Cannot construct instance of `tn.mediflow.billingservice.entity.Facture` (although at least one Creator exists): no String-argument constructor/factory method to deserialize from String value ('string')]
2026-05-03T22:29:00.184+01:00  WARN 11840 --- [billing-service] [nio-8084-exec-9] .w.s.m.s.DefaultHandlerExceptionResolver : Resolved [org.springframework.http.converter.HttpMessageNotReadableException: JSON parse error: Cannot construct instance of `tn.mediflow.billingservice.entity.Facture` (although at least one Creator exists): no String-argument constructor/factory method to deserialize from String value ('string')]
2026-05-03T22:29:04.327+01:00  WARN 11840 --- [billing-service] [nio-8084-exec-8] .w.s.m.s.DefaultHandlerExceptionResolver : Resolved [org.springframework.http.converter.HttpMessageNotReadableException: JSON parse error: Cannot construct instance of `tn.mediflow.billingservice.entity.Facture` (although at least one Creator exists): no String-argument constructor/factory method to deserialize from String value ('string')]
2026-05-03T22:31:04.316+01:00  INFO 11840 --- [billing-service] [rap-executor-%d] c.n.d.s.r.aws.ConfigClusterResolver      : Resolving eureka endpoints via configuration
Hibernate: 
    select
        f1_0.id,
        f1_0.montant_total,
        f1_0.reference,
        f1_0.statut 
    from
        facture f1_0 
    where
        f1_0.id=?
Hibernate: 
    select
        f1_0.id,
        f1_0.montant_total,
        f1_0.reference,
        f1_0.statut 
    from
        facture f1_0 
    where
        f1_0.id=?
2026-05-03T22:33:13.290+01:00  WARN 11840 --- [billing-service] [nio-8084-exec-7] .w.s.m.s.DefaultHandlerExceptionResolver : Resolved [org.springframework.http.converter.HttpMessageNotReadableException: JSON parse error: Cannot construct instance of `tn.mediflow.billingservice.entity.Facture` (although at least one Creator exists): no String-argument constructor/factory method to deserialize from String value ('string')]
2026-05-03T22:33:15.022+01:00  WARN 11840 --- [billing-service] [nio-8084-exec-5] .w.s.m.s.DefaultHandlerExceptionResolver : Resolved [org.springframework.http.converter.HttpMessageNotReadableException: JSON parse error: Cannot construct instance of `tn.mediflow.billingservice.entity.Facture` (although at least one Creator exists): no String-argument constructor/factory method to deserialize from String value ('string')]
2026-05-03T22:33:22.436+01:00  WARN 11840 --- [billing-service] [nio-8084-exec-9] .w.s.m.s.DefaultHandlerExceptionResolver : Resolved [org.springframework.http.converter.HttpMessageNotReadableException: JSON parse error: Cannot construct instance of `tn.mediflow.billingservice.entity.Facture` (although at least one Creator exists): no String-argument constructor/factory method to deserialize from String value ('string')]
2026-05-03T22:33:25.435+01:00  WARN 11840 --- [billing-service] [nio-8084-exec-4] .w.s.m.s.DefaultHandlerExceptionResolver : Resolved [org.springframework.http.converter.HttpMessageNotReadableException: JSON parse error: Cannot construct instance of `tn.mediflow.billingservice.entity.Facture` (although at least one Creator exists): no String-argument constructor/factory method to deserialize from String value ('string')]
Hibernate: 
    select
        f1_0.id,
        f1_0.montant_total,
        f1_0.reference,
        f1_0.statut 
    from
        facture f1_0 
    where
        f1_0.id=?
Hibernate: 
    select
        f1_0.id,
        f1_0.montant_total,
        f1_0.reference,
        f1_0.statut 
    from
        facture f1_0
Hibernate: 
    select
        f1_0.id,
        f1_0.montant_total,
        f1_0.reference,
        f1_0.statut 
    from
        facture f1_0 
    where
        f1_0.id=?
Hibernate: 
    select
        f1_0.id,
        f1_0.montant_total,
        f1_0.reference,
        f1_0.statut 
    from
        facture f1_0 
    where
        f1_0.id=?
Hibernate: 
    select
        f1_0.id,
        f1_0.montant_total,
        f1_0.reference,
        f1_0.statut 
    from
        facture f1_0
2026-05-03T22:35:30.912+01:00  WARN 11840 --- [billing-service] [nio-8084-exec-2] .w.s.m.s.DefaultHandlerExceptionResolver : Resolved [org.springframework.http.converter.HttpMessageNotReadableException: JSON parse error: Cannot construct instance of `tn.mediflow.billingservice.entity.Facture` (although at least one Creator exists): no String-argument constructor/factory method to deserialize from String value ('string')]
2026-05-03T22:35:42.904+01:00  WARN 11840 --- [billing-service] [nio-8084-exec-7] .w.s.m.s.DefaultHandlerExceptionResolver : Resolved [org.springframework.http.converter.HttpMessageNotReadableException: JSON parse error: Cannot construct instance of `tn.mediflow.billingservice.entity.Facture` (although at least one Creator exists): no String-argument constructor/factory method to deserialize from String value ('string')]
Hibernate: 
    select
        f1_0.id,
        f1_0.montant_total,
        f1_0.reference,
        f1_0.statut 
    from
        facture f1_0 
    where
        f1_0.id=?
Hibernate: 
    select
        f1_0.id,
        f1_0.montant_total,
        f1_0.reference,
        f1_0.statut 
    from
        facture f1_0 
    where
        f1_0.id=?
2026-05-03T22:35:51.965+01:00 ERROR 11840 --- [billing-service] [nio-8084-exec-5] o.a.c.c.C.[.[.[/].[dispatcherServlet]    : Servlet.service() for servlet [dispatcherServlet] in context with path [] threw exception [Request processing failed: org.springframework.orm.ObjectOptimisticLockingFailureException: Row was updated or deleted by another transaction (or unsaved-value mapping was incorrect): [tn.mediflow.billingservice.entity.Facture#1]] with root cause

org.hibernate.StaleObjectStateException: Row was updated or deleted by another transaction (or unsaved-value mapping was incorrect): [tn.mediflow.billingservice.entity.Facture#1]
	at org.hibernate.event.internal.DefaultMergeEventListener.entityIsDetached(DefaultMergeEventListener.java:426) ~[hibernate-core-6.6.36.Final.jar:6.6.36.Final]
	at org.hibernate.event.internal.DefaultMergeEventListener.merge(DefaultMergeEventListener.java:214) ~[hibernate-core-6.6.36.Final.jar:6.6.36.Final]
	at org.hibernate.event.internal.DefaultMergeEventListener.doMerge(DefaultMergeEventListener.java:152) ~[hibernate-core-6.6.36.Final.jar:6.6.36.Final]
	at org.hibernate.event.internal.DefaultMergeEventListener.onMerge(DefaultMergeEventListener.java:136) ~[hibernate-core-6.6.36.Final.jar:6.6.36.Final]
	at org.hibernate.event.internal.DefaultMergeEventListener.onMerge(DefaultMergeEventListener.java:89) ~[hibernate-core-6.6.36.Final.jar:6.6.36.Final]
	at org.hibernate.event.service.internal.EventListenerGroupImpl.fireEventOnEachListener(EventListenerGroupImpl.java:127) ~[hibernate-core-6.6.36.Final.jar:6.6.36.Final]
	at org.hibernate.internal.SessionImpl.fireMerge(SessionImpl.java:854) ~[hibernate-core-6.6.36.Final.jar:6.6.36.Final]
	at org.hibernate.internal.SessionImpl.merge(SessionImpl.java:840) ~[hibernate-core-6.6.36.Final.jar:6.6.36.Final]
	at java.base/jdk.internal.reflect.NativeMethodAccessorImpl.invoke0(Native Method) ~[na:na]
	at java.base/jdk.internal.reflect.NativeMethodAccessorImpl.invoke(NativeMethodAccessorImpl.java:77) ~[na:na]
	at java.base/jdk.internal.reflect.DelegatingMethodAccessorImpl.invoke(DelegatingMethodAccessorImpl.java:43) ~[na:na]
	at java.base/java.lang.reflect.Method.invoke(Method.java:568) ~[na:na]
	at org.springframework.orm.jpa.ExtendedEntityManagerCreator$ExtendedEntityManagerInvocationHandler.invoke(ExtendedEntityManagerCreator.java:364) ~[spring-orm-6.2.14.jar:6.2.14]
	at jdk.proxy2/jdk.proxy2.$Proxy129.merge(Unknown Source) ~[na:na]
	at java.base/jdk.internal.reflect.NativeMethodAccessorImpl.invoke0(Native Method) ~[na:na]
	at java.base/jdk.internal.reflect.NativeMethodAccessorImpl.invoke(NativeMethodAccessorImpl.java:77) ~[na:na]
	at java.base/jdk.internal.reflect.DelegatingMethodAccessorImpl.invoke(DelegatingMethodAccessorImpl.java:43) ~[na:na]
	at java.base/java.lang.reflect.Method.invoke(Method.java:568) ~[na:na]
	at org.springframework.orm.jpa.SharedEntityManagerCreator$SharedEntityManagerInvocationHandler.invoke(SharedEntityManagerCreator.java:320) ~[spring-orm-6.2.14.jar:6.2.14]
	at jdk.proxy2/jdk.proxy2.$Proxy129.merge(Unknown Source) ~[na:na]
	at org.springframework.data.jpa.repository.support.SimpleJpaRepository.save(SimpleJpaRepository.java:639) ~[spring-data-jpa-3.4.12.jar:3.4.12]
	at java.base/jdk.internal.reflect.NativeMethodAccessorImpl.invoke0(Native Method) ~[na:na]
	at java.base/jdk.internal.reflect.NativeMethodAccessorImpl.invoke(NativeMethodAccessorImpl.java:77) ~[na:na]
	at java.base/jdk.internal.reflect.DelegatingMethodAccessorImpl.invoke(DelegatingMethodAccessorImpl.java:43) ~[na:na]
	at java.base/java.lang.reflect.Method.invoke(Method.java:568) ~[na:na]
	at org.springframework.aop.support.AopUtils.invokeJoinpointUsingReflection(AopUtils.java:360) ~[spring-aop-6.2.14.jar:6.2.14]
	at org.springframework.data.repository.core.support.RepositoryMethodInvoker$RepositoryFragmentMethodInvoker.lambda$new$0(RepositoryMethodInvoker.java:277) ~[spring-data-commons-3.4.12.jar:3.4.12]
	at org.springframework.data.repository.core.support.RepositoryMethodInvoker.doInvoke(RepositoryMethodInvoker.java:170) ~[spring-data-commons-3.4.12.jar:3.4.12]
	at org.springframework.data.repository.core.support.RepositoryMethodInvoker.invoke(RepositoryMethodInvoker.java:158) ~[spring-data-commons-3.4.12.jar:3.4.12]
	at org.springframework.data.repository.core.support.RepositoryComposition$RepositoryFragments.invoke(RepositoryComposition.java:515) ~[spring-data-commons-3.4.12.jar:3.4.12]
	at org.springframework.data.repository.core.support.RepositoryComposition.invoke(RepositoryComposition.java:284) ~[spring-data-commons-3.4.12.jar:3.4.12]
	at org.springframework.data.repository.core.support.RepositoryFactorySupport$ImplementationMethodExecutionInterceptor.invoke(RepositoryFactorySupport.java:731) ~[spring-data-commons-3.4.12.jar:3.4.12]
	at org.springframework.aop.framework.ReflectiveMethodInvocation.proceed(ReflectiveMethodInvocation.java:184) ~[spring-aop-6.2.14.jar:6.2.14]
	at org.springframework.data.repository.core.support.QueryExecutorMethodInterceptor.doInvoke(QueryExecutorMethodInterceptor.java:174) ~[spring-data-commons-3.4.12.jar:3.4.12]
	at org.springframework.data.repository.core.support.QueryExecutorMethodInterceptor.invoke(QueryExecutorMethodInterceptor.java:149) ~[spring-data-commons-3.4.12.jar:3.4.12]
	at org.springframework.aop.framework.ReflectiveMethodInvocation.proceed(ReflectiveMethodInvocation.java:184) ~[spring-aop-6.2.14.jar:6.2.14]
	at org.springframework.data.projection.DefaultMethodInvokingMethodInterceptor.invoke(DefaultMethodInvokingMethodInterceptor.java:69) ~[spring-data-commons-3.4.12.jar:3.4.12]
	at org.springframework.aop.framework.ReflectiveMethodInvocation.proceed(ReflectiveMethodInvocation.java:184) ~[spring-aop-6.2.14.jar:6.2.14]
	at org.springframework.transaction.interceptor.TransactionAspectSupport.invokeWithinTransaction(TransactionAspectSupport.java:380) ~[spring-tx-6.2.14.jar:6.2.14]
	at org.springframework.transaction.interceptor.TransactionInterceptor.invoke(TransactionInterceptor.java:119) ~[spring-tx-6.2.14.jar:6.2.14]
	at org.springframework.aop.framework.ReflectiveMethodInvocation.proceed(ReflectiveMethodInvocation.java:184) ~[spring-aop-6.2.14.jar:6.2.14]
	at org.springframework.dao.support.PersistenceExceptionTranslationInterceptor.invoke(PersistenceExceptionTranslationInterceptor.java:138) ~[spring-tx-6.2.14.jar:6.2.14]
	at org.springframework.aop.framework.ReflectiveMethodInvocation.proceed(ReflectiveMethodInvocation.java:184) ~[spring-aop-6.2.14.jar:6.2.14]
	at org.springframework.data.jpa.repository.support.CrudMethodMetadataPostProcessor$CrudMethodMetadataPopulatingMethodInterceptor.invoke(CrudMethodMetadataPostProcessor.java:165) ~[spring-data-jpa-3.4.12.jar:3.4.12]
	at org.springframework.aop.framework.ReflectiveMethodInvocation.proceed(ReflectiveMethodInvocation.java:184) ~[spring-aop-6.2.14.jar:6.2.14]
	at org.springframework.aop.framework.JdkDynamicAopProxy.invoke(JdkDynamicAopProxy.java:223) ~[spring-aop-6.2.14.jar:6.2.14]
	at jdk.proxy2/jdk.proxy2.$Proxy132.save(Unknown Source) ~[na:na]
	at tn.mediflow.billingservice.service.FactureService.ajouterFacture(FactureService.java:18) ~[classes/:na]
	at tn.mediflow.billingservice.controller.FactureController.ajouterFacture(FactureController.java:19) ~[classes/:na]
	at java.base/jdk.internal.reflect.NativeMethodAccessorImpl.invoke0(Native Method) ~[na:na]
	at java.base/jdk.internal.reflect.NativeMethodAccessorImpl.invoke(NativeMethodAccessorImpl.java:77) ~[na:na]
	at java.base/jdk.internal.reflect.DelegatingMethodAccessorImpl.invoke(DelegatingMethodAccessorImpl.java:43) ~[na:na]
	at java.base/java.lang.reflect.Method.invoke(Method.java:568) ~[na:na]
	at org.springframework.web.method.support.InvocableHandlerMethod.doInvoke(InvocableHandlerMethod.java:258) ~[spring-web-6.2.14.jar:6.2.14]
	at org.springframework.web.method.support.InvocableHandlerMethod.invokeForRequest(InvocableHandlerMethod.java:191) ~[spring-web-6.2.14.jar:6.2.14]
	at org.springframework.web.servlet.mvc.method.annotation.ServletInvocableHandlerMethod.invokeAndHandle(ServletInvocableHandlerMethod.java:118) ~[spring-webmvc-6.2.14.jar:6.2.14]
	at org.springframework.web.servlet.mvc.method.annotation.RequestMappingHandlerAdapter.invokeHandlerMethod(RequestMappingHandlerAdapter.java:991) ~[spring-webmvc-6.2.14.jar:6.2.14]
	at org.springframework.web.servlet.mvc.method.annotation.RequestMappingHandlerAdapter.handleInternal(RequestMappingHandlerAdapter.java:896) ~[spring-webmvc-6.2.14.jar:6.2.14]
	at org.springframework.web.servlet.mvc.method.AbstractHandlerMethodAdapter.handle(AbstractHandlerMethodAdapter.java:87) ~[spring-webmvc-6.2.14.jar:6.2.14]
	at org.springframework.web.servlet.DispatcherServlet.doDispatch(DispatcherServlet.java:1089) ~[spring-webmvc-6.2.14.jar:6.2.14]
	at org.springframework.web.servlet.DispatcherServlet.doService(DispatcherServlet.java:979) ~[spring-webmvc-6.2.14.jar:6.2.14]
	at org.springframework.web.servlet.FrameworkServlet.processRequest(FrameworkServlet.java:1014) ~[spring-webmvc-6.2.14.jar:6.2.14]
	at org.springframework.web.servlet.FrameworkServlet.doPost(FrameworkServlet.java:914) ~[spring-webmvc-6.2.14.jar:6.2.14]
	at jakarta.servlet.http.HttpServlet.service(HttpServlet.java:590) ~[tomcat-embed-core-10.1.49.jar:6.0]
	at org.springframework.web.servlet.FrameworkServlet.service(FrameworkServlet.java:885) ~[spring-webmvc-6.2.14.jar:6.2.14]
	at jakarta.servlet.http.HttpServlet.service(HttpServlet.java:658) ~[tomcat-embed-core-10.1.49.jar:6.0]
	at org.apache.catalina.core.ApplicationFilterChain.internalDoFilter(ApplicationFilterChain.java:193) ~[tomcat-embed-core-10.1.49.jar:10.1.49]
	at org.apache.catalina.core.ApplicationFilterChain.doFilter(ApplicationFilterChain.java:138) ~[tomcat-embed-core-10.1.49.jar:10.1.49]
	at org.apache.tomcat.websocket.server.WsFilter.doFilter(WsFilter.java:51) ~[tomcat-embed-websocket-10.1.49.jar:10.1.49]
	at org.apache.catalina.core.ApplicationFilterChain.internalDoFilter(ApplicationFilterChain.java:162) ~[tomcat-embed-core-10.1.49.jar:10.1.49]
	at org.apache.catalina.core.ApplicationFilterChain.doFilter(ApplicationFilterChain.java:138) ~[tomcat-embed-core-10.1.49.jar:10.1.49]
	at org.springframework.web.filter.RequestContextFilter.doFilterInternal(RequestContextFilter.java:100) ~[spring-web-6.2.14.jar:6.2.14]
	at org.springframework.web.filter.OncePerRequestFilter.doFilter(OncePerRequestFilter.java:116) ~[spring-web-6.2.14.jar:6.2.14]
	at org.apache.catalina.core.ApplicationFilterChain.internalDoFilter(ApplicationFilterChain.java:162) ~[tomcat-embed-core-10.1.49.jar:10.1.49]
	at org.apache.catalina.core.ApplicationFilterChain.doFilter(ApplicationFilterChain.java:138) ~[tomcat-embed-core-10.1.49.jar:10.1.49]
	at org.springframework.web.filter.FormContentFilter.doFilterInternal(FormContentFilter.java:93) ~[spring-web-6.2.14.jar:6.2.14]
	at org.springframework.web.filter.OncePerRequestFilter.doFilter(OncePerRequestFilter.java:116) ~[spring-web-6.2.14.jar:6.2.14]
	at org.apache.catalina.core.ApplicationFilterChain.internalDoFilter(ApplicationFilterChain.java:162) ~[tomcat-embed-core-10.1.49.jar:10.1.49]
	at org.apache.catalina.core.ApplicationFilterChain.doFilter(ApplicationFilterChain.java:138) ~[tomcat-embed-core-10.1.49.jar:10.1.49]
	at org.springframework.web.filter.CharacterEncodingFilter.doFilterInternal(CharacterEncodingFilter.java:201) ~[spring-web-6.2.14.jar:6.2.14]
	at org.springframework.web.filter.OncePerRequestFilter.doFilter(OncePerRequestFilter.java:116) ~[spring-web-6.2.14.jar:6.2.14]
	at org.apache.catalina.core.ApplicationFilterChain.internalDoFilter(ApplicationFilterChain.java:162) ~[tomcat-embed-core-10.1.49.jar:10.1.49]
	at org.apache.catalina.core.ApplicationFilterChain.doFilter(ApplicationFilterChain.java:138) ~[tomcat-embed-core-10.1.49.jar:10.1.49]
	at org.apache.catalina.core.StandardWrapperValve.invoke(StandardWrapperValve.java:165) ~[tomcat-embed-core-10.1.49.jar:10.1.49]
	at org.apache.catalina.core.StandardContextValve.invoke(StandardContextValve.java:88) ~[tomcat-embed-core-10.1.49.jar:10.1.49]
	at org.apache.catalina.authenticator.AuthenticatorBase.invoke(AuthenticatorBase.java:482) ~[tomcat-embed-core-10.1.49.jar:10.1.49]
	at org.apache.catalina.core.StandardHostValve.invoke(StandardHostValve.java:113) ~[tomcat-embed-core-10.1.49.jar:10.1.49]
	at org.apache.catalina.valves.ErrorReportValve.invoke(ErrorReportValve.java:83) ~[tomcat-embed-core-10.1.49.jar:10.1.49]
	at org.apache.catalina.core.StandardEngineValve.invoke(StandardEngineValve.java:72) ~[tomcat-embed-core-10.1.49.jar:10.1.49]
	at org.apache.catalina.connector.CoyoteAdapter.service(CoyoteAdapter.java:342) ~[tomcat-embed-core-10.1.49.jar:10.1.49]
	at org.apache.coyote.http11.Http11Processor.service(Http11Processor.java:399) ~[tomcat-embed-core-10.1.49.jar:10.1.49]
	at org.apache.coyote.AbstractProcessorLight.process(AbstractProcessorLight.java:63) ~[tomcat-embed-core-10.1.49.jar:10.1.49]
	at org.apache.coyote.AbstractProtocol$ConnectionHandler.process(AbstractProtocol.java:903) ~[tomcat-embed-core-10.1.49.jar:10.1.49]
	at org.apache.tomcat.util.net.NioEndpoint$SocketProcessor.doRun(NioEndpoint.java:1774) ~[tomcat-embed-core-10.1.49.jar:10.1.49]
	at org.apache.tomcat.util.net.SocketProcessorBase.run(SocketProcessorBase.java:52) ~[tomcat-embed-core-10.1.49.jar:10.1.49]
	at org.apache.tomcat.util.threads.ThreadPoolExecutor.runWorker(ThreadPoolExecutor.java:973) ~[tomcat-embed-core-10.1.49.jar:10.1.49]
	at org.apache.tomcat.util.threads.ThreadPoolExecutor$Worker.run(ThreadPoolExecutor.java:491) ~[tomcat-embed-core-10.1.49.jar:10.1.49]
	at org.apache.tomcat.util.threads.TaskThread$WrappingRunnable.run(TaskThread.java:63) ~[tomcat-embed-core-10.1.49.jar:10.1.49]
	at java.base/java.lang.Thread.run(Thread.java:842) ~[na:na]

2026-05-03T22:36:04.329+01:00  INFO 11840 --- [billing-service] [rap-executor-%d] c.n.d.s.r.aws.ConfigClusterResolver      : Resolving eureka endpoints via configuration
Hibernate: 
    insert 
    into
        facture
        (montant_total, reference, statut) 
    values
        (?, ?, ?)
Hibernate: 
    select
        f1_0.id,
        f1_0.montant_total,
        f1_0.reference,
        f1_0.statut 
    from
        facture f1_0
Hibernate: 
    select
        p1_0.facture_id,
        p1_0.id,
        p1_0.date_paiement,
        p1_0.methode_paiement,
        p1_0.montant 
    from
        paiement p1_0 
    where
        p1_0.facture_id=?
Hibernate: 
    select
        f1_0.id,
        f1_0.montant_total,
        f1_0.reference,
        f1_0.statut 
    from
        facture f1_0
Hibernate: 
    select
        p1_0.facture_id,
        p1_0.id,
        p1_0.date_paiement,
        p1_0.methode_paiement,
        p1_0.montant 
    from
        paiement p1_0 
    where
        p1_0.facture_id=?
2026-05-03T22:41:04.353+01:00  INFO 11840 --- [billing-service] [rap-executor-%d] c.n.d.s.r.aws.ConfigClusterResolver      : Resolving eureka endpoints via configuration
2026-05-03T22:46:04.377+01:00  INFO 11840 --- [billing-service] [rap-executor-%d] c.n.d.s.r.aws.ConfigClusterResolver      : Resolving eureka endpoints via configuration
2026-05-03T22:51:04.394+01:00  INFO 11840 --- [billing-service] [rap-executor-%d] c.n.d.s.r.aws.ConfigClusterResolver      : Resolving eureka endpoints via configuration
2026-05-03T22:56:04.416+01:00  INFO 11840 --- [billing-service] [rap-executor-%d] c.n.d.s.r.aws.ConfigClusterResolver      : Resolving eureka endpoints via configuration
2026-05-03T23:01:04.434+01:00  INFO 11840 --- [billing-service] [rap-executor-%d] c.n.d.s.r.aws.ConfigClusterResolver      : Resolving eureka endpoints via configuration
