[INFO] Scanning for projects...
[INFO] 
[INFO] ---------------------< tn.mediflow:config-server >----------------------
[INFO] Building config-server 0.0.1-SNAPSHOT
[INFO]   from pom.xml
[INFO] --------------------------------[ jar ]---------------------------------
[INFO] 
[INFO] >>> spring-boot:4.0.5:run (default-cli) > test-compile @ config-server >>>
[INFO] 
[INFO] --- resources:3.3.1:resources (default-resources) @ config-server ---
[INFO] Copying 1 resource from src\main\resources to target\classes
[INFO] Copying 3 resources from src\main\resources to target\classes
[INFO] 
[INFO] --- compiler:3.14.1:compile (default-compile) @ config-server ---
[INFO] Nothing to compile - all classes are up to date.
[INFO] 
[INFO] --- resources:3.3.1:testResources (default-testResources) @ config-server ---
[INFO] skip non existing resourceDirectory C:\Users\user\OneDrive\Bureau\Projet web MEDIFLOW\mediflow\Backend\infrastructure\config-server\src\test\resources
[INFO] 
[INFO] --- compiler:3.14.1:testCompile (default-testCompile) @ config-server ---
[INFO] Nothing to compile - all classes are up to date.
[INFO] 
[INFO] <<< spring-boot:4.0.5:run (default-cli) < test-compile @ config-server <<<
[INFO] 
[INFO] 
[INFO] --- spring-boot:4.0.5:run (default-cli) @ config-server ---
[INFO] Attaching agents: []

  .   ____          _            __ _ _
 /\\ / ___'_ __ _ _(_)_ __  __ _ \ \ \ \
( ( )\___ | '_ | '_| | '_ \/ _` | \ \ \ \
 \\/  ___)| |_)| | | | | || (_| |  ) ) ) )
  '  |____| .__|_| |_|_| |_\__, | / / / /
 =========|_|==============|___/=/_/_/_/

 :: Spring Boot ::                (v4.0.5)

2026-05-03T22:04:51.338+01:00  INFO 15252 --- [config-server] [           main] t.m.c.ConfigServerApplication            : Starting ConfigServerApplication using Java 17.0.12 with PID 15252 (C:\Users\user\OneDrive\Bureau\Projet web MEDIFLOW\mediflow\Backend\infrastructure\config-server\target\classes started by user in C:\Users\user\OneDrive\Bureau\Projet web MEDIFLOW\mediflow\Backend\infrastructure\config-server)
2026-05-03T22:04:51.341+01:00  INFO 15252 --- [config-server] [           main] t.m.c.ConfigServerApplication            : The following 1 profile is active: "native"
2026-05-03T22:04:52.037+01:00  INFO 15252 --- [config-server] [           main] o.s.cloud.context.scope.GenericScope     : BeanFactory id=e10eddb2-ee4d-3c8f-bb0e-bba3ea49171c
2026-05-03T22:04:52.345+01:00  INFO 15252 --- [config-server] [           main] o.s.boot.tomcat.TomcatWebServer          : Tomcat initialized with port 8888 (http)
2026-05-03T22:04:52.359+01:00  INFO 15252 --- [config-server] [           main] o.apache.catalina.core.StandardService   : Starting service [Tomcat]
2026-05-03T22:04:52.359+01:00  INFO 15252 --- [config-server] [           main] o.apache.catalina.core.StandardEngine    : Starting Servlet engine: [Apache Tomcat/11.0.20]
2026-05-03T22:04:52.420+01:00  INFO 15252 --- [config-server] [           main] b.w.c.s.WebApplicationContextInitializer : Root WebApplicationContext: initialization completed in 1033 ms
2026-05-03T22:04:54.081+01:00  INFO 15252 --- [config-server] [           main] o.s.cloud.commons.util.InetUtils         : Cannot determine local hostname
2026-05-03T22:04:54.248+01:00  INFO 15252 --- [config-server] [           main] o.s.boot.tomcat.TomcatWebServer          : Tomcat started on port 8888 (http) with context path '/'
2026-05-03T22:04:55.423+01:00  INFO 15252 --- [config-server] [           main] o.s.cloud.commons.util.InetUtils         : Cannot determine local hostname
2026-05-03T22:04:55.443+01:00  INFO 15252 --- [config-server] [           main] t.m.c.ConfigServerApplication            : Started ConfigServerApplication in 5.888 seconds (process running for 6.434)
