[INFO] Scanning for projects...
[INFO] 
[INFO] ----------------------< tn.mediflow:exam-service >----------------------
[INFO] Building exam-service 0.0.1-SNAPSHOT
[INFO]   from pom.xml
[INFO] --------------------------------[ jar ]---------------------------------
[INFO] 
[INFO] >>> spring-boot:3.5.13:run (default-cli) > test-compile @ exam-service >>>
[INFO] 
[INFO] --- resources:3.3.1:resources (default-resources) @ exam-service ---
[INFO] Copying 1 resource from src\main\resources to target\classes
[INFO] Copying 0 resource from src\main\resources to target\classes
[INFO] 
[INFO] --- compiler:3.14.1:compile (default-compile) @ exam-service ---
[INFO] Nothing to compile - all classes are up to date.
[INFO] 
[INFO] --- resources:3.3.1:testResources (default-testResources) @ exam-service ---
[INFO] skip non existing resourceDirectory C:\Users\user\OneDrive\Bureau\Projet web MEDIFLOW\mediflow\Backend\services\exam-service\src\test\resources
[INFO] 
[INFO] --- compiler:3.14.1:testCompile (default-testCompile) @ exam-service ---
[INFO] Nothing to compile - all classes are up to date.
[INFO] 
[INFO] <<< spring-boot:3.5.13:run (default-cli) < test-compile @ exam-service <<<
[INFO] 
[INFO] 
[INFO] --- spring-boot:3.5.13:run (default-cli) @ exam-service ---
[INFO] Attaching agents: []

  .   ____          _            __ _ _
 /\\ / ___'_ __ _ _(_)_ __  __ _ \ \ \ \
( ( )\___ | '_ | '_| | '_ \/ _` | \ \ \ \
 \\/  ___)| |_)| | | | | || (_| |  ) ) ) )
  '  |____| .__|_| |_|_| |_\__, | / / / /
 =========|_|==============|___/=/_/_/_/

 :: Spring Boot ::               (v3.5.13)

2026-05-03T21:14:01.013+01:00  INFO 22640 --- [exam-service] [           main] t.m.examservice.ExamServiceApplication   : Starting ExamServiceApplication using Java 17.0.12 with PID 22640 (C:\Users\user\OneDrive\Bureau\Projet web MEDIFLOW\mediflow\Backend\services\exam-service\target\classes started by user in C:\Users\user\OneDrive\Bureau\Projet web MEDIFLOW\mediflow\Backend\services\exam-service)
2026-05-03T21:14:01.022+01:00  INFO 22640 --- [exam-service] [           main] t.m.examservice.ExamServiceApplication   : No active profile set, falling back to 1 default profile: "default"
2026-05-03T21:14:05.474+01:00  INFO 22640 --- [exam-service] [           main] o.s.b.w.embedded.tomcat.TomcatWebServer  : Tomcat initialized with port 8085 (http)
2026-05-03T21:14:05.513+01:00  INFO 22640 --- [exam-service] [           main] o.apache.catalina.core.StandardService   : Starting service [Tomcat]
2026-05-03T21:14:05.514+01:00  INFO 22640 --- [exam-service] [           main] o.apache.catalina.core.StandardEngine    : Starting Servlet engine: [Apache Tomcat/10.1.53]
2026-05-03T21:14:05.724+01:00  INFO 22640 --- [exam-service] [           main] o.a.c.c.C.[Tomcat].[localhost].[/]       : Initializing Spring embedded WebApplicationContext
2026-05-03T21:14:05.728+01:00  INFO 22640 --- [exam-service] [           main] w.s.c.ServletWebServerApplicationContext : Root WebApplicationContext: initialization completed in 4328 ms
2026-05-03T21:14:07.216+01:00  INFO 22640 --- [exam-service] [           main] o.s.b.w.embedded.tomcat.TomcatWebServer  : Tomcat started on port 8085 (http) with context path '/'
2026-05-03T21:14:07.243+01:00  INFO 22640 --- [exam-service] [           main] t.m.examservice.ExamServiceApplication   : Started ExamServiceApplication in 8.428 seconds (process running for 12.133)
[INFO] ------------------------------------------------------------------------
[INFO] BUILD FAILURE
[INFO] ------------------------------------------------------------------------
[INFO] Total time:  17:34 min
[INFO] Finished at: 2026-05-03T21:31:20+01:00
[INFO] ------------------------------------------------------------------------
[ERROR] Failed to execute goal org.springframework.boot:spring-boot-maven-plugin:3.5.13:run (default-cli) on project exam-service: Process terminated with exit code: -1 -> [Help 1]
[ERROR] 
[ERROR] To see the full stack trace of the errors, re-run Maven with the -e switch.
[ERROR] Re-run Maven using the -X switch to enable full debug logging.
[ERROR] 
[ERROR] For more information about the errors and possible solutions, please read the following articles:
[ERROR] [Help 1] http://cwiki.apache.org/confluence/display/MAVEN/MojoExecutionException
