#
# There is insufficient memory for the Java Runtime Environment to continue.
# Native memory allocation (mmap) failed to map 266338304 bytes for G1 virtual space
# Possible reasons:
#   The system is out of physical RAM or swap space
#   The process is running with CompressedOops enabled, and the Java Heap may be blocking the growth of the native heap
# Possible solutions:
#   Reduce memory load on the system
#   Increase physical memory or swap space
#   Check if swap backing store is full
#   Decrease Java heap size (-Xmx/-Xms)
#   Decrease number of Java threads
#   Decrease Java thread stack sizes (-Xss)
#   Set larger code cache with -XX:ReservedCodeCacheSize=
#   JVM is running with Zero Based Compressed Oops mode in which the Java heap is
#     placed in the first 32GB address space. The Java Heap base address is the
#     maximum limit for the native heap growth. Please use -XX:HeapBaseMinAddress
#     to set the Java Heap base and to place the Java Heap above 32GB virtual address.
# This output file may be truncated or incomplete.
#
#  Out of Memory Error (os_windows.cpp:3548), pid=5812, tid=14052
#
# JRE version:  (17.0.12+8) (build )
# Java VM: Java HotSpot(TM) 64-Bit Server VM (17.0.12+8-LTS-286, mixed mode, sharing, tiered, compressed oops, compressed class ptrs, g1 gc, windows-amd64)
# No core dump will be written. Minidumps are not enabled by default on client versions of Windows
#

---------------  S U M M A R Y ------------

Command Line: -Dclassworlds.conf=C:\Program Files\Apache\Maven\apache-maven-3.9.12\bin\m2.conf -Dmaven.home=C:\Program Files\Apache\Maven\apache-maven-3.9.12 -Dlibrary.jansi.path=C:\Program Files\Apache\Maven\apache-maven-3.9.12\lib\jansi-native -Dmaven.multiModuleProjectDirectory=C:\Users\user\OneDrive\Bureau\Projet web MEDIFLOW\mediflow\Backend\services\billing-service org.codehaus.plexus.classworlds.launcher.Launcher spring-boot:run

Host: Intel(R) Core(TM) i7-8665U CPU @ 1.90GHz, 8 cores, 15G,  Windows 11 , 64 bit Build 26100 (10.0.26100.8246)
Time: Sun May  3 20:34:16 2026 Afr. centrale Ouest elapsed time: 0.034108 seconds (0d 0h 0m 0s)

---------------  T H R E A D  ---------------

Current thread (0x0000020d402e6630):  JavaThread "Unknown thread" [_thread_in_vm, id=14052, stack(0x0000004c51500000,0x0000004c51600000)]

Stack: [0x0000004c51500000,0x0000004c51600000]
Native frames: (J=compiled Java code, j=interpreted, Vv=VM code, C=native code)
V  [jvm.dll+0x67a04a]
V  [jvm.dll+0x7da4ed]
V  [jvm.dll+0x7dbe33]
V  [jvm.dll+0x7dc4a3]
V  [jvm.dll+0x24508f]
V  [jvm.dll+0x677089]
V  [jvm.dll+0x66bd32]
V  [jvm.dll+0x301fa6]
V  [jvm.dll+0x309546]
V  [jvm.dll+0x359d2e]
V  [jvm.dll+0x359f5f]
V  [jvm.dll+0x2d9078]
V  [jvm.dll+0x2d9fe4]
V  [jvm.dll+0x7aca21]
V  [jvm.dll+0x367591]
V  [jvm.dll+0x78b999]
V  [jvm.dll+0x3ec83f]
V  [jvm.dll+0x3ee471]
C  [jli.dll+0x5297]
C  [ucrtbase.dll+0x37b0]
C  [KERNEL32.DLL+0x2e8d7]
C  [ntdll.dll+0x8c3fc]


---------------  P R O C E S S  ---------------

Threads class SMR info:
_java_thread_list=0x00007ffa4e517a18, length=0, elements={
}

Java Threads: ( => current thread )

Other Threads:
  0x0000020d40350130 GCTaskThread "GC Thread#0" [stack: 0x0000004c51600000,0x0000004c51700000] [id=4348]
  0x0000020d40360d10 ConcurrentGCThread "G1 Main Marker" [stack: 0x0000004c51700000,0x0000004c51800000] [id=2860]
  0x0000020d40362730 ConcurrentGCThread "G1 Conc#0" [stack: 0x0000004c51800000,0x0000004c51900000] [id=11140]

[error occurred during error reporting (printing all threads), id 0xc0000005, EXCEPTION_ACCESS_VIOLATION (0xc0000005) at pc=0x00007ffa4dd49b67]

VM state: not at safepoint (not fully initialized)

VM Mutex/Monitor currently owned by a thread:  ([mutex/lock_event])
[0x0000020d402e2890] Heap_lock - owner thread: 0x0000020d402e6630

Heap address: 0x0000000703600000, size: 4042 MB, Compressed Oops mode: Zero based, Oop shift amount: 3

CDS archive(s) mapped at: [0x0000000000000000-0x0000000000000000-0x0000000000000000), size 0, SharedBaseAddress: 0x0000000800000000, ArchiveRelocationMode: 1.
Narrow klass base: 0x0000000000000000, Narrow klass shift: 0, Narrow klass range: 0x0

GC Precious Log:
<Empty>

Heap:
 garbage-first heap   total 0K, used 0K [0x0000000703600000, 0x0000000800000000)
  region size 2048K, 0 young (0K), 0 survivors (0K)

[error occurred during error reporting (printing heap information), id 0xc0000005, EXCEPTION_ACCESS_VIOLATION (0xc0000005) at pc=0x00007ffa4e133859]

GC Heap History (0 events):
No events

Deoptimization events (0 events):
No events

Classes unloaded (0 events):
No events

Classes redefined (0 events):
No events

Internal exceptions (0 events):
No events

VM Operations (0 events):
No events

Events (1 events):
Event: 0.015 Loaded shared library C:\Program Files\Java\jdk-17\bin\java.dll


Dynamic libraries:
0x00007ff699c60000 - 0x00007ff699c70000 	C:\Program Files\Java\jdk-17\bin\java.exe
0x00007ffb238e0000 - 0x00007ffb23b47000 	C:\WINDOWS\SYSTEM32\ntdll.dll
0x00007ffb22720000 - 0x00007ffb227e9000 	C:\WINDOWS\System32\KERNEL32.DLL
0x00007ffb21070000 - 0x00007ffb21464000 	C:\WINDOWS\System32\KERNELBASE.dll
0x00007ffb20c70000 - 0x00007ffb20dbb000 	C:\WINDOWS\System32\ucrtbase.dll
0x00007ffb0ef90000 - 0x00007ffb0efa9000 	C:\Program Files\Java\jdk-17\bin\jli.dll
0x00007ffb234b0000 - 0x00007ffb23566000 	C:\WINDOWS\System32\ADVAPI32.dll
0x00007ffb217c0000 - 0x00007ffb21869000 	C:\WINDOWS\System32\msvcrt.dll
0x00007ffb229b0000 - 0x00007ffb22a57000 	C:\WINDOWS\System32\sechost.dll
0x00007ffb21670000 - 0x00007ffb21788000 	C:\WINDOWS\System32\RPCRT4.dll
0x00007ffb22cc0000 - 0x00007ffb22e85000 	C:\WINDOWS\System32\USER32.dll
0x00007ffb20c40000 - 0x00007ffb20c67000 	C:\WINDOWS\System32\win32u.dll
0x00007ffb23710000 - 0x00007ffb2373b000 	C:\WINDOWS\System32\GDI32.dll
0x00007ffb20dc0000 - 0x00007ffb20eeb000 	C:\WINDOWS\System32\gdi32full.dll
0x00007ffb215c0000 - 0x00007ffb21663000 	C:\WINDOWS\System32\msvcp_win.dll
0x00007ffb09c10000 - 0x00007ffb09ea3000 	C:\WINDOWS\WinSxS\amd64_microsoft.windows.common-controls_6595b64144ccf1df_6.0.26100.8115_none_3e075c82e3354f9c\COMCTL32.dll
0x00007ffb18440000 - 0x00007ffb1844b000 	C:\WINDOWS\SYSTEM32\VERSION.dll
0x00007ffb0efb0000 - 0x00007ffb0efcb000 	C:\Program Files\Java\jdk-17\bin\VCRUNTIME140.dll
0x00007ffb23860000 - 0x00007ffb23892000 	C:\WINDOWS\System32\IMM32.DLL
0x00007ffb1b3d0000 - 0x00007ffb1b3dc000 	C:\Program Files\Java\jdk-17\bin\vcruntime140_1.dll
0x00007ffae2d30000 - 0x00007ffae2dbe000 	C:\Program Files\Java\jdk-17\bin\msvcp140.dll
0x00007ffa4da60000 - 0x00007ffa4e640000 	C:\Program Files\Java\jdk-17\bin\server\jvm.dll
0x00007ffb217b0000 - 0x00007ffb217b8000 	C:\WINDOWS\System32\PSAPI.DLL
0x00007ffb12e00000 - 0x00007ffb12e0a000 	C:\WINDOWS\SYSTEM32\WSOCK32.dll
0x00007ffb22f90000 - 0x00007ffb23010000 	C:\WINDOWS\System32\WS2_32.dll
0x00007ffb09eb0000 - 0x00007ffb09ee6000 	C:\WINDOWS\SYSTEM32\WINMM.dll
0x00007ffb1ef00000 - 0x00007ffb1ef1b000 	C:\WINDOWS\SYSTEM32\kernel.appcore.dll
0x00007ffb12fb0000 - 0x00007ffb12fba000 	C:\Program Files\Java\jdk-17\bin\jimage.dll
0x00007ffb1d810000 - 0x00007ffb1da52000 	C:\WINDOWS\SYSTEM32\DBGHELP.DLL
0x00007ffb21c20000 - 0x00007ffb21fa2000 	C:\WINDOWS\System32\combase.dll
0x00007ffb21870000 - 0x00007ffb21948000 	C:\WINDOWS\System32\OLEAUT32.dll
0x00007ffb06bb0000 - 0x00007ffb06beb000 	C:\WINDOWS\SYSTEM32\dbgcore.DLL
0x00007ffb20320000 - 0x00007ffb203c5000 	C:\WINDOWS\System32\bcryptPrimitives.dll
0x00007ffb0ef20000 - 0x00007ffb0ef45000 	C:\Program Files\Java\jdk-17\bin\java.dll

dbghelp: loaded successfully - version: 4.0.5 - missing functions: none
symbol engine: initialized successfully - sym options: 0x614 - pdb path: .;C:\Program Files\Java\jdk-17\bin;C:\WINDOWS\SYSTEM32;C:\WINDOWS\WinSxS\amd64_microsoft.windows.common-controls_6595b64144ccf1df_6.0.26100.8115_none_3e075c82e3354f9c;C:\Program Files\Java\jdk-17\bin\server

VM Arguments:
jvm_args: -Dclassworlds.conf=C:\Program Files\Apache\Maven\apache-maven-3.9.12\bin\m2.conf -Dmaven.home=C:\Program Files\Apache\Maven\apache-maven-3.9.12 -Dlibrary.jansi.path=C:\Program Files\Apache\Maven\apache-maven-3.9.12\lib\jansi-native -Dmaven.multiModuleProjectDirectory=C:\Users\user\OneDrive\Bureau\Projet web MEDIFLOW\mediflow\Backend\services\billing-service 
java_command: org.codehaus.plexus.classworlds.launcher.Launcher spring-boot:run
java_class_path (initial): C:\Program Files\Apache\Maven\apache-maven-3.9.12\boot\plexus-classworlds-2.9.0.jar
Launcher Type: SUN_STANDARD

[Global flags]
     intx CICompilerCount                          = 4                                         {product} {ergonomic}
     uint ConcGCThreads                            = 2                                         {product} {ergonomic}
     uint G1ConcRefinementThreads                  = 8                                         {product} {ergonomic}
   size_t G1HeapRegionSize                         = 2097152                                   {product} {ergonomic}
    uintx GCDrainStackTargetSize                   = 64                                        {product} {ergonomic}
   size_t InitialHeapSize                          = 266338304                                 {product} {ergonomic}
   size_t MarkStackSize                            = 4194304                                   {product} {ergonomic}
   size_t MaxHeapSize                              = 4238344192                                {product} {ergonomic}
   size_t MinHeapDeltaBytes                        = 2097152                                   {product} {ergonomic}
   size_t MinHeapSize                              = 8388608                                   {product} {ergonomic}
    uintx NonNMethodCodeHeapSize                   = 5839372                                {pd product} {ergonomic}
    uintx NonProfiledCodeHeapSize                  = 122909434                              {pd product} {ergonomic}
    uintx ProfiledCodeHeapSize                     = 122909434                              {pd product} {ergonomic}
    uintx ReservedCodeCacheSize                    = 251658240                              {pd product} {ergonomic}
     bool SegmentedCodeCache                       = true                                      {product} {ergonomic}
   size_t SoftMaxHeapSize                          = 4238344192                             {manageable} {ergonomic}
     bool UseCompressedClassPointers               = true                           {product lp64_product} {ergonomic}
     bool UseCompressedOops                        = true                           {product lp64_product} {ergonomic}
     bool UseG1GC                                  = true                                      {product} {ergonomic}
     bool UseLargePagesIndividualAllocation        = false                                  {pd product} {ergonomic}

Logging:
Log output configuration:
 #0: stdout all=warning uptime,level,tags
 #1: stderr all=off uptime,level,tags

Environment Variables:
PATH=C:\Program Files\Common Files\Oracle\Java\javapath;C:\Program Files (x86)\VMware\VMware Workstation\bin\;C:\WINDOWS\system32;C:\WINDOWS;C:\WINDOWS\System32\Wbem;C:\WINDOWS\System32\WindowsPowerShell\v1.0\;C:\WINDOWS\System32\OpenSSH\;C:\xampp\php;C:\ProgramData\ComposerSetup\bin;C:\Program Files\nodejs\;C:\Program Files\Git\cmd;C:\Program Files (x86)\Microsoft SQL Server\160\Tools\Binn\;C:\Program Files\Microsoft SQL Server\160\Tools\Binn\;C:\Program Files\Microsoft SQL Server\Client SDK\ODBC\170\Tools\Binn\;C:\Program Files\Microsoft SQL Server\160\DTS\Binn\;C:\Program Files (x86)\Microsoft SQL Server\160\DTS\Binn\;C:\Program Files\Microsoft SQL Server\150\Tools\Binn\;C:\Program Files\Microsoft SQL Server\130\DTS\Binn\;C:\Program Files\Microsoft SQL Server\140\DTS\Binn\;C:\Program Files\Microsoft SQL Server\150\DTS\Binn\;C:\Program Files\Microsoft SQL Server\170\DTS\Binn\;C:\Program Files\Docker\Docker\resources\bin;C:\Program Files\Apache\Maven\apache-maven-3.9.12\bin;C:\sonar-scanner-cli-5.0.2.4997-windows\sonar-scanner-5.0.2.4997-windows\bin;C:\Program Files\dotnet\;C:\Users\user\scoop\shims;C:\Users\user\AppData\Local\Microsoft\WindowsApps;C:\Program Files\JetBrains\IntelliJ IDEA 2023.3.4\bin;;C:\Users\user\AppData\Local\Programs\Microsoft VS Code\bin;C:\Users\user\AppData\Roaming\Composer\vendor\bin;C:\Program Files\MongoDB\Server\4.0\bin;C:\Users\user\AppData\Roaming\npm;C:\Users\user\AppData\Local\Programs\Windsurf\bin;C:\Users\user\.dotnet\tools;C:\Users\user\AppData\Local\Python\bin;C:\Users\user\AppData\Local\Programs\Antigravity\bin
USERNAME=user
LANG=en_US.UTF-8
OS=Windows_NT
PROCESSOR_IDENTIFIER=Intel64 Family 6 Model 142 Stepping 12, GenuineIntel



---------------  S Y S T E M  ---------------

OS:
 Windows 11 , 64 bit Build 26100 (10.0.26100.8246)
OS uptime: 7 days 21:41 hours
Hyper-V role detected

CPU: total 8 (initial active 8) (4 cores per cpu, 2 threads per core) family 6 model 142 stepping 12 microcode 0xf8, cx8, cmov, fxsr, ht, mmx, 3dnowpref, sse, sse2, sse3, ssse3, sse4.1, sse4.2, popcnt, lzcnt, tsc, tscinvbit, avx, avx2, aes, erms, clmul, bmi1, bmi2, adx, fma, vzeroupper, clflush, clflushopt, hv

Memory: 4k page, system-wide physical 16162M (2109M free)
TotalPageFile size 21332M (AvailPageFile size 141M)
current process WorkingSet (physical memory assigned to process): 12M, peak: 12M
current process commit charge ("private bytes"): 60M, peak: 314M

vm_info: Java HotSpot(TM) 64-Bit Server VM (17.0.12+8-LTS-286) for windows-amd64 JRE (17.0.12+8-LTS-286), built on Jun  5 2024 06:46:59 by "mach5one" with MS VC++ 17.6 (VS2022)

END.
